<?xml version="1.0" encoding="UTF-8"?>
<!-- Generated by org.testng.reporters.JUnitXMLReporter -->
<testsuite ignored="0" hostname="ASEEL2" failures="0" tests="5" name="Default test" time="19.386" errors="0" timestamp="2026-05-12T18:56:13 GST">
  <testcase classname="Mytest" name="testlogin" time="0.266"/>
  <testcase classname="Mytest" name="AddToCart" time="1.097"/>
  <testcase classname="Mytest" name="RemoveFirstItem" time="1.096"/>
  <testcase classname="Mytest" name="addallitem" time="9.515"/>
  <testcase classname="Mytest" name="removeall" time="6.45"/>
</testsuite> <!-- Default test -->
