<?xml version="1.0" encoding="UTF-8"?>
<testng-results ignored="0" total="5" passed="5" failed="0" skipped="0">
  <reporter-output>
  </reporter-output>
  <suite started-at="2026-05-12T18:55:53 GST" name="Default suite" finished-at="2026-05-12T18:56:13 GST" duration-ms="19386">
    <groups>
    </groups>
    <test started-at="2026-05-12T18:55:53 GST" name="Default test" finished-at="2026-05-12T18:56:13 GST" duration-ms="19386">
      <class name="Mytest">
        <test-method is-config="true" signature="mybeforetest()[pri:0, instance:Mytest@24d09c1]" started-at="2026-05-12T18:55:53 GST" name="mybeforetest" finished-at="2026-05-12T18:55:54 GST" duration-ms="912" status="PASS">
          <reporter-output>
          </reporter-output>
        </test-method> <!-- mybeforetest -->
        <test-method signature="testlogin()[pri:0, instance:Mytest@24d09c1]" started-at="2026-05-12T18:55:54 GST" name="testlogin" finished-at="2026-05-12T18:55:55 GST" duration-ms="266" status="PASS">
          <reporter-output>
          </reporter-output>
        </test-method> <!-- testlogin -->
        <test-method signature="AddToCart()[pri:1, instance:Mytest@24d09c1]" started-at="2026-05-12T18:55:55 GST" name="AddToCart" finished-at="2026-05-12T18:55:56 GST" duration-ms="1097" status="PASS">
          <reporter-output>
          </reporter-output>
        </test-method> <!-- AddToCart -->
        <test-method signature="RemoveFirstItem()[pri:2, instance:Mytest@24d09c1]" started-at="2026-05-12T18:55:56 GST" name="RemoveFirstItem" finished-at="2026-05-12T18:55:57 GST" duration-ms="1096" status="PASS">
          <reporter-output>
          </reporter-output>
        </test-method> <!-- RemoveFirstItem -->
        <test-method signature="addallitem()[pri:3, instance:Mytest@24d09c1]" started-at="2026-05-12T18:55:57 GST" name="addallitem" finished-at="2026-05-12T18:56:06 GST" duration-ms="9515" status="PASS">
          <reporter-output>
          </reporter-output>
        </test-method> <!-- addallitem -->
        <test-method signature="removeall()[pri:4, instance:Mytest@24d09c1]" started-at="2026-05-12T18:56:06 GST" name="removeall" finished-at="2026-05-12T18:56:13 GST" duration-ms="6450" status="PASS">
          <reporter-output>
          </reporter-output>
        </test-method> <!-- removeall -->
        <test-method is-config="true" signature="aftertest()[pri:0, instance:Mytest@24d09c1]" started-at="2026-05-12T18:56:13 GST" name="aftertest" finished-at="2026-05-12T18:56:13 GST" duration-ms="1" status="PASS">
          <reporter-output>
          </reporter-output>
        </test-method> <!-- aftertest -->
      </class> <!-- Mytest -->
    </test> <!-- Default test -->
  </suite> <!-- Default suite -->
</testng-results>
